Ion = Lithium     , Mass = 7.016
Tgt =  C (Solid), Density = 1 g/cm3
Stopping Units =  eV/(1E15 atoms/cm2)
Energy(keV)  S(Elec)    S(Nuc)
1.010E-02   2.778E-01  2.219E+00 
1.030E-02   2.805E-01  2.243E+00 
1.051E-02   2.833E-01  2.267E+00 
1.072E-02   2.861E-01  2.291E+00 
1.093E-02   2.890E-01  2.315E+00 
1.115E-02   2.919E-01  2.340E+00 
1.137E-02   2.948E-01  2.364E+00 
1.160E-02   2.977E-01  2.389E+00 
1.183E-02   3.007E-01  2.414E+00 
1.207E-02   3.037E-01  2.440E+00 
1.231E-02   3.067E-01  2.465E+00 
1.256E-02   3.097E-01  2.491E+00 
1.281E-02   3.128E-01  2.516E+00 
1.307E-02   3.159E-01  2.542E+00 
1.333E-02   3.191E-01  2.568E+00 
1.359E-02   3.222E-01  2.595E+00 
1.387E-02   3.254E-01  2.621E+00 
1.414E-02   3.287E-01  2.648E+00 
1.443E-02   3.320E-01  2.675E+00 
1.471E-02   3.353E-01  2.702E+00 
1.501E-02   3.386E-01  2.729E+00 
1.531E-02   3.420E-01  2.756E+00 
1.561E-02   3.454E-01  2.784E+00 
1.593E-02   3.488E-01  2.811E+00 
1.625E-02   3.523E-01  2.839E+00 
1.657E-02   3.558E-01  2.867E+00 
1.690E-02   3.593E-01  2.896E+00 
1.724E-02   3.629E-01  2.924E+00 
1.758E-02   3.665E-01  2.953E+00 
1.794E-02   3.702E-01  2.981E+00 
1.829E-02   3.738E-01  3.010E+00 
1.866E-02   3.776E-01  3.039E+00 
1.903E-02   3.813E-01  3.069E+00 
1.941E-02   3.851E-01  3.098E+00 
1.980E-02   3.889E-01  3.127E+00 
2.020E-02   3.928E-01  3.157E+00 
2.060E-02   3.967E-01  3.187E+00 
2.101E-02   4.007E-01  3.217E+00 
2.144E-02   4.047E-01  3.247E+00 
2.186E-02   4.087E-01  3.278E+00 
2.230E-02   4.127E-01  3.308E+00 
2.275E-02   4.169E-01  3.339E+00 
2.320E-02   4.210E-01  3.370E+00 
2.367E-02   4.252E-01  3.401E+00 
2.414E-02   4.294E-01  3.432E+00 
2.462E-02   4.337E-01  3.463E+00 
2.511E-02   4.380E-01  3.495E+00 
2.562E-02   4.424E-01  3.526E+00 
2.613E-02   4.468E-01  3.558E+00 
2.665E-02   4.512E-01  3.590E+00 
2.719E-02   4.557E-01  3.622E+00 
2.773E-02   4.602E-01  3.654E+00 
2.828E-02   4.648E-01  3.686E+00 
2.885E-02   4.694E-01  3.719E+00 
2.943E-02   4.741E-01  3.751E+00 
3.001E-02   4.788E-01  3.784E+00 
3.061E-02   4.836E-01  3.817E+00 
3.123E-02   4.884E-01  3.850E+00 
3.185E-02   4.933E-01  3.883E+00 
3.249E-02   4.982E-01  3.916E+00 
3.314E-02   5.031E-01  3.949E+00 
3.380E-02   5.081E-01  3.983E+00 
3.448E-02   5.132E-01  4.016E+00 
3.517E-02   5.183E-01  4.050E+00 
3.587E-02   5.235E-01  4.084E+00 
3.659E-02   5.287E-01  4.118E+00 
3.732E-02   5.339E-01  4.152E+00 
3.807E-02   5.392E-01  4.186E+00 
3.883E-02   5.446E-01  4.220E+00 
3.960E-02   5.500E-01  4.255E+00 
4.040E-02   5.555E-01  4.289E+00 
4.120E-02   5.610E-01  4.324E+00 
4.203E-02   5.666E-01  4.358E+00 
4.287E-02   5.722E-01  4.393E+00 
4.373E-02   5.779E-01  4.428E+00 
4.460E-02   5.837E-01  4.463E+00 
4.549E-02   5.895E-01  4.498E+00 
4.640E-02   5.954E-01  4.533E+00 
4.733E-02   6.013E-01  4.568E+00 
4.828E-02   6.073E-01  4.603E+00 
4.924E-02   6.133E-01  4.639E+00 
5.023E-02   6.194E-01  4.674E+00 
5.123E-02   6.256E-01  4.709E+00 
5.226E-02   6.318E-01  4.745E+00 
5.330E-02   6.381E-01  4.781E+00 
5.437E-02   6.444E-01  4.816E+00 
5.545E-02   6.509E-01  4.852E+00 
5.656E-02   6.573E-01  4.888E+00 
5.769E-02   6.639E-01  4.923E+00 
5.885E-02   6.705E-01  4.959E+00 
6.003E-02   6.772E-01  4.995E+00 
6.123E-02   6.839E-01  5.031E+00 
6.245E-02   6.907E-01  5.067E+00 
6.370E-02   6.976E-01  5.103E+00 
6.497E-02   7.045E-01  5.139E+00 
6.627E-02   7.115E-01  5.175E+00 
6.760E-02   7.186E-01  5.211E+00 
6.895E-02   7.257E-01  5.247E+00 
7.033E-02   7.330E-01  5.283E+00 
7.174E-02   7.403E-01  5.319E+00 
7.317E-02   7.476E-01  5.355E+00 
7.463E-02   7.551E-01  5.391E+00 
7.613E-02   7.626E-01  5.427E+00 
7.765E-02   7.702E-01  5.463E+00 
7.920E-02   7.778E-01  5.499E+00 
8.079E-02   7.856E-01  5.535E+00 
8.240E-02   7.934E-01  5.571E+00 
8.405E-02   8.013E-01  5.607E+00 
8.573E-02   8.093E-01  5.643E+00 
8.745E-02   8.173E-01  5.679E+00 
8.919E-02   8.254E-01  5.715E+00 
9.098E-02   8.337E-01  5.751E+00 
9.280E-02   8.420E-01  5.787E+00 
9.465E-02   8.503E-01  5.822E+00 
9.655E-02   8.588E-01  5.858E+00 
9.848E-02   8.673E-01  5.894E+00 
1.004E-01   8.760E-01  5.929E+00 
1.025E-01   8.847E-01  5.965E+00 
1.045E-01   8.935E-01  6.000E+00 
1.066E-01   9.024E-01  6.035E+00 
1.087E-01   9.114E-01  6.071E+00 
1.109E-01   9.204E-01  6.106E+00 
1.131E-01   9.296E-01  6.141E+00 
1.154E-01   9.388E-01  6.176E+00 
1.177E-01   9.482E-01  6.211E+00 
1.200E-01   9.576E-01  6.245E+00 
1.224E-01   9.671E-01  6.280E+00 
1.249E-01   9.768E-01  6.315E+00 
1.274E-01   9.865E-01  6.349E+00 
1.299E-01   9.963E-01  6.383E+00 
1.325E-01   1.006E+00  6.417E+00 
1.352E-01   1.016E+00  6.451E+00 
1.379E-01   1.026E+00  6.485E+00 
1.407E-01   1.037E+00  6.519E+00 
1.435E-01   1.047E+00  6.553E+00 
1.463E-01   1.057E+00  6.586E+00 
1.493E-01   1.068E+00  6.619E+00 
1.522E-01   1.078E+00  6.652E+00 
1.553E-01   1.089E+00  6.685E+00 
1.584E-01   1.100E+00  6.718E+00 
1.616E-01   1.111E+00  6.750E+00 
1.648E-01   1.122E+00  6.783E+00 
1.681E-01   1.133E+00  6.815E+00 
1.715E-01   1.144E+00  6.847E+00 
1.749E-01   1.156E+00  6.879E+00 
1.784E-01   1.167E+00  6.910E+00 
1.819E-01   1.179E+00  6.941E+00 
1.856E-01   1.191E+00  6.972E+00 
1.893E-01   1.203E+00  7.003E+00 
1.931E-01   1.214E+00  7.034E+00 
1.969E-01   1.227E+00  7.064E+00 
2.009E-01   1.239E+00  7.094E+00 
2.049E-01   1.251E+00  7.124E+00 
2.090E-01   1.264E+00  7.154E+00 
2.132E-01   1.276E+00  7.183E+00 
2.174E-01   1.289E+00  7.212E+00 
2.218E-01   1.302E+00  7.241E+00 
2.262E-01   1.315E+00  7.270E+00 
2.308E-01   1.328E+00  7.298E+00 
2.354E-01   1.341E+00  7.326E+00 
2.401E-01   1.354E+00  7.353E+00 
2.449E-01   1.368E+00  7.381E+00 
2.498E-01   1.381E+00  7.408E+00 
2.548E-01   1.395E+00  7.434E+00 
2.599E-01   1.409E+00  7.461E+00 
2.651E-01   1.423E+00  7.487E+00 
2.704E-01   1.437E+00  7.512E+00 
2.758E-01   1.451E+00  7.538E+00 
2.813E-01   1.466E+00  7.563E+00 
2.869E-01   1.480E+00  7.587E+00 
2.927E-01   1.495E+00  7.612E+00 
2.985E-01   1.510E+00  7.636E+00 
3.045E-01   1.525E+00  7.659E+00 
3.106E-01   1.540E+00  7.682E+00 
3.168E-01   1.556E+00  7.705E+00 
3.231E-01   1.571E+00  7.728E+00 
3.296E-01   1.587E+00  7.750E+00 
3.362E-01   1.602E+00  7.771E+00 
3.429E-01   1.618E+00  7.793E+00 
3.497E-01   1.635E+00  7.813E+00 
3.567E-01   1.651E+00  7.834E+00 
3.639E-01   1.667E+00  7.854E+00 
3.712E-01   1.684E+00  7.873E+00 
3.786E-01   1.701E+00  7.892E+00 
3.861E-01   1.717E+00  7.911E+00 
3.939E-01   1.735E+00  7.929E+00 
4.017E-01   1.752E+00  7.947E+00 
4.098E-01   1.769E+00  7.964E+00 
4.180E-01   1.787E+00  7.981E+00 
4.263E-01   1.805E+00  7.997E+00 
4.349E-01   1.823E+00  8.013E+00 
4.436E-01   1.841E+00  8.028E+00 
4.524E-01   1.859E+00  8.043E+00 
4.615E-01   1.878E+00  8.058E+00 
4.707E-01   1.896E+00  8.072E+00 
4.801E-01   1.915E+00  8.085E+00 
4.897E-01   1.934E+00  8.098E+00 
4.995E-01   1.953E+00  8.110E+00 
5.095E-01   1.973E+00  8.122E+00 
5.197E-01   1.992E+00  8.134E+00 
5.301E-01   2.012E+00  8.144E+00 
5.407E-01   2.032E+00  8.155E+00 
5.515E-01   2.053E+00  8.164E+00 
5.625E-01   2.073E+00  8.174E+00 
5.738E-01   2.094E+00  8.182E+00 
5.853E-01   2.114E+00  8.190E+00 
5.970E-01   2.135E+00  8.198E+00 
6.089E-01   2.157E+00  8.205E+00 
6.211E-01   2.178E+00  8.211E+00 
6.335E-01   2.200E+00  8.217E+00 
6.462E-01   2.222E+00  8.223E+00 
6.591E-01   2.244E+00  8.227E+00 
6.723E-01   2.266E+00  8.232E+00 
6.857E-01   2.289E+00  8.235E+00 
6.995E-01   2.312E+00  8.238E+00 
7.134E-01   2.335E+00  8.240E+00 
7.277E-01   2.358E+00  8.242E+00 
7.423E-01   2.381E+00  8.243E+00 
7.571E-01   2.405E+00  8.244E+00 
7.723E-01   2.429E+00  8.244E+00 
7.877E-01   2.453E+00  8.243E+00 
8.035E-01   2.477E+00  8.242E+00 
8.195E-01   2.502E+00  8.240E+00 
8.359E-01   2.527E+00  8.238E+00 
8.526E-01   2.552E+00  8.235E+00 
8.697E-01   2.577E+00  8.231E+00 
8.871E-01   2.603E+00  8.227E+00 
9.048E-01   2.629E+00  8.222E+00 
9.229E-01   2.655E+00  8.217E+00 
9.414E-01   2.682E+00  8.211E+00 
9.602E-01   2.708E+00  8.204E+00 
9.794E-01   2.735E+00  8.197E+00 
9.990E-01   2.762E+00  8.189E+00 
1.019E+00   2.790E+00  8.180E+00 
1.039E+00   2.818E+00  8.171E+00 
1.060E+00   2.846E+00  8.161E+00 
1.081E+00   2.874E+00  8.150E+00 
1.103E+00   2.903E+00  8.139E+00 
1.125E+00   2.932E+00  8.128E+00 
1.148E+00   2.961E+00  8.115E+00 
1.170E+00   2.990E+00  8.102E+00 
1.194E+00   3.020E+00  8.089E+00 
1.218E+00   3.050E+00  8.074E+00 
1.242E+00   3.080E+00  8.060E+00 
1.267E+00   3.111E+00  8.044E+00 
1.292E+00   3.142E+00  8.028E+00 
1.318E+00   3.173E+00  8.012E+00 
1.345E+00   3.205E+00  7.994E+00 
1.371E+00   3.237E+00  7.976E+00 
1.399E+00   3.269E+00  7.958E+00 
1.427E+00   3.301E+00  7.939E+00 
1.455E+00   3.334E+00  7.919E+00 
1.484E+00   3.367E+00  7.899E+00 
1.514E+00   3.401E+00  7.878E+00 
1.544E+00   3.435E+00  7.857E+00 
1.575E+00   3.469E+00  7.835E+00 
1.607E+00   3.503E+00  7.812E+00 
1.639E+00   3.538E+00  7.789E+00 
1.672E+00   3.574E+00  7.765E+00 
1.705E+00   3.609E+00  7.741E+00 
1.739E+00   3.645E+00  7.716E+00 
1.774E+00   3.681E+00  7.691E+00 
1.810E+00   3.718E+00  7.665E+00 
1.846E+00   3.755E+00  7.638E+00 
1.883E+00   3.792E+00  7.611E+00 
1.920E+00   3.830E+00  7.584E+00 
1.959E+00   3.868E+00  7.556E+00 
1.998E+00   3.907E+00  7.527E+00 
2.038E+00   3.945E+00  7.498E+00 
2.079E+00   3.985E+00  7.468E+00 
2.120E+00   4.024E+00  7.438E+00 
2.163E+00   4.064E+00  7.408E+00 
2.206E+00   4.105E+00  7.376E+00 
2.250E+00   4.146E+00  7.345E+00 
2.295E+00   4.187E+00  7.313E+00 
2.341E+00   4.229E+00  7.280E+00 
2.388E+00   4.271E+00  7.247E+00 
2.435E+00   4.313E+00  7.214E+00 
2.484E+00   4.356E+00  7.180E+00 
2.534E+00   4.399E+00  7.146E+00 
2.584E+00   4.443E+00  7.111E+00 
2.636E+00   4.487E+00  7.076E+00 
2.689E+00   4.532E+00  7.040E+00 
2.743E+00   4.577E+00  7.004E+00 
2.797E+00   4.623E+00  6.968E+00 
2.853E+00   4.669E+00  6.931E+00 
2.911E+00   4.715E+00  6.894E+00 
2.969E+00   4.762E+00  6.857E+00 
3.028E+00   4.810E+00  6.819E+00 
3.089E+00   4.857E+00  6.781E+00 
3.150E+00   4.906E+00  6.743E+00 
3.213E+00   4.955E+00  6.704E+00 
3.278E+00   5.004E+00  6.665E+00 
3.343E+00   5.054E+00  6.625E+00 
3.410E+00   5.104E+00  6.586E+00 
3.478E+00   5.155E+00  6.546E+00 
3.548E+00   5.206E+00  6.505E+00 
3.619E+00   5.258E+00  6.465E+00 
3.691E+00   5.310E+00  6.424E+00 
3.765E+00   5.363E+00  6.383E+00 
3.840E+00   5.416E+00  6.342E+00 
3.917E+00   5.470E+00  6.300E+00 
3.996E+00   5.525E+00  6.258E+00 
4.075E+00   5.580E+00  6.216E+00 
4.157E+00   5.635E+00  6.174E+00 
4.240E+00   5.691E+00  6.132E+00 
4.325E+00   5.748E+00  6.089E+00 
4.411E+00   5.805E+00  6.047E+00 
4.500E+00   5.863E+00  6.004E+00 
4.590E+00   5.921E+00  5.961E+00 
4.681E+00   5.980E+00  5.918E+00 
4.775E+00   6.040E+00  5.874E+00 
4.871E+00   6.100E+00  5.831E+00 
4.968E+00   6.160E+00  5.787E+00 
5.067E+00   6.222E+00  5.744E+00 
5.169E+00   6.284E+00  5.700E+00 
5.272E+00   6.346E+00  5.656E+00 
5.377E+00   6.409E+00  5.612E+00 
5.485E+00   6.473E+00  5.568E+00 
5.595E+00   6.537E+00  5.524E+00 
5.707E+00   6.602E+00  5.480E+00 
5.821E+00   6.668E+00  5.436E+00 
5.937E+00   6.735E+00  5.392E+00 
6.056E+00   6.802E+00  5.347E+00 
6.177E+00   6.869E+00  5.303E+00 
6.301E+00   6.938E+00  5.259E+00 
6.427E+00   7.007E+00  5.215E+00 
6.555E+00   7.076E+00  5.170E+00 
6.686E+00   7.147E+00  5.126E+00 
6.820E+00   7.218E+00  5.082E+00 
6.956E+00   7.290E+00  5.038E+00 
7.095E+00   7.362E+00  4.994E+00 
7.237E+00   7.435E+00  4.950E+00 
7.382E+00   7.509E+00  4.906E+00 
7.530E+00   7.584E+00  4.862E+00 
7.680E+00   7.660E+00  4.818E+00 
7.834E+00   7.736E+00  4.774E+00 
7.991E+00   7.813E+00  4.730E+00 
8.150E+00   7.891E+00  4.687E+00 
8.313E+00   7.969E+00  4.643E+00 
8.480E+00   8.048E+00  4.600E+00 
8.649E+00   8.128E+00  4.556E+00 
8.822E+00   8.209E+00  4.513E+00 
8.999E+00   8.291E+00  4.470E+00 
9.179E+00   8.374E+00  4.427E+00 
9.362E+00   8.457E+00  4.384E+00 
9.550E+00   8.541E+00  4.341E+00 
9.740E+00   8.626E+00  4.299E+00 
9.935E+00   8.712E+00  4.256E+00 
1.013E+01   8.798E+00  4.214E+00 
1.034E+01   8.886E+00  4.172E+00 
1.054E+01   8.974E+00  4.130E+00 
1.075E+01   9.064E+00  4.088E+00 
1.097E+01   9.154E+00  4.047E+00 
1.119E+01   9.245E+00  4.006E+00 
1.141E+01   9.337E+00  3.964E+00 
1.164E+01   9.430E+00  3.923E+00 
1.187E+01   9.524E+00  3.883E+00 
1.211E+01   9.619E+00  3.842E+00 
1.235E+01   9.714E+00  3.802E+00 
1.260E+01   9.811E+00  3.761E+00 
1.285E+01   9.909E+00  3.721E+00 
1.311E+01   1.001E+01  3.682E+00 
1.337E+01   1.011E+01  3.642E+00 
1.364E+01   1.021E+01  3.603E+00 
1.391E+01   1.031E+01  3.564E+00 
1.419E+01   1.040E+01  3.525E+00 
1.447E+01   1.049E+01  3.486E+00 
1.476E+01   1.058E+01  3.448E+00 
1.506E+01   1.068E+01  3.410E+00 
1.536E+01   1.077E+01  3.372E+00 
1.567E+01   1.086E+01  3.334E+00 
1.598E+01   1.096E+01  3.297E+00 
1.630E+01   1.105E+01  3.260E+00 
1.663E+01   1.115E+01  3.223E+00 
1.696E+01   1.124E+01  3.186E+00 
1.730E+01   1.134E+01  3.150E+00 
1.764E+01   1.144E+01  3.114E+00 
1.800E+01   1.154E+01  3.078E+00 
1.836E+01   1.164E+01  3.042E+00 
1.872E+01   1.174E+01  3.007E+00 
1.910E+01   1.185E+01  2.972E+00 
1.948E+01   1.195E+01  2.937E+00 
1.987E+01   1.206E+01  2.902E+00 
2.027E+01   1.216E+01  2.868E+00 
2.067E+01   1.227E+01  2.834E+00 
2.109E+01   1.238E+01  2.800E+00 
2.151E+01   1.249E+01  2.767E+00 
2.194E+01   1.260E+01  2.734E+00 
2.238E+01   1.271E+01  2.701E+00 
2.282E+01   1.282E+01  2.668E+00 
2.328E+01   1.293E+01  2.636E+00 
2.375E+01   1.305E+01  2.604E+00 
2.422E+01   1.317E+01  2.572E+00 
2.471E+01   1.328E+01  2.540E+00 
2.520E+01   1.340E+01  2.509E+00 
2.570E+01   1.352E+01  2.478E+00 
2.622E+01   1.364E+01  2.448E+00 
2.674E+01   1.377E+01  2.417E+00 
2.728E+01   1.389E+01  2.387E+00 
2.782E+01   1.401E+01  2.357E+00 
2.838E+01   1.414E+01  2.328E+00 
2.895E+01   1.427E+01  2.298E+00 
2.952E+01   1.440E+01  2.269E+00 
3.012E+01   1.453E+01  2.240E+00 
3.072E+01   1.466E+01  2.212E+00 
3.133E+01   1.479E+01  2.184E+00 
3.196E+01   1.492E+01  2.156E+00 
3.260E+01   1.506E+01  2.128E+00 
3.325E+01   1.520E+01  2.101E+00 
3.391E+01   1.534E+01  2.074E+00 
3.459E+01   1.548E+01  2.047E+00 
3.529E+01   1.562E+01  2.020E+00 
3.599E+01   1.576E+01  1.994E+00 
3.671E+01   1.590E+01  1.968E+00 
3.744E+01   1.605E+01  1.942E+00 
3.819E+01   1.620E+01  1.917E+00 
3.896E+01   1.635E+01  1.891E+00 
3.974E+01   1.650E+01  1.866E+00 
4.053E+01   1.665E+01  1.842E+00 
4.134E+01   1.680E+01  1.817E+00 
4.217E+01   1.696E+01  1.793E+00 
4.301E+01   1.711E+01  1.769E+00 
4.387E+01   1.727E+01  1.746E+00 
4.475E+01   1.743E+01  1.722E+00 
4.565E+01   1.759E+01  1.699E+00 
4.656E+01   1.776E+01  1.676E+00 
4.749E+01   1.792E+01  1.653E+00 
4.844E+01   1.809E+01  1.631E+00 
4.941E+01   1.825E+01  1.609E+00 
5.040E+01   1.842E+01  1.587E+00 
5.140E+01   1.859E+01  1.565E+00 
5.243E+01   1.877E+01  1.544E+00 
5.348E+01   1.894E+01  1.523E+00 
5.455E+01   1.912E+01  1.502E+00 
5.564E+01   1.929E+01  1.481E+00 
5.675E+01   1.947E+01  1.461E+00 
5.789E+01   1.965E+01  1.441E+00 
5.905E+01   1.983E+01  1.421E+00 
6.023E+01   2.002E+01  1.401E+00 
6.143E+01   2.020E+01  1.381E+00 
6.266E+01   2.039E+01  1.362E+00 
6.391E+01   2.057E+01  1.343E+00 
6.519E+01   2.076E+01  1.324E+00 
6.650E+01   2.095E+01  1.306E+00 
6.783E+01   2.114E+01  1.287E+00 
6.918E+01   2.134E+01  1.269E+00 
7.057E+01   2.153E+01  1.251E+00 
7.198E+01   2.172E+01  1.234E+00 
7.342E+01   2.192E+01  1.216E+00 
7.489E+01   2.212E+01  1.124E+00 
7.638E+01   2.231E+01  1.108E+00 
7.791E+01   2.251E+01  1.093E+00 
7.947E+01   2.271E+01  1.077E+00 
8.106E+01   2.291E+01  1.062E+00 
8.268E+01   2.311E+01  1.047E+00 
8.433E+01   2.331E+01  1.033E+00 
8.602E+01   2.352E+01  1.018E+00 
8.774E+01   2.372E+01  1.004E+00 
8.950E+01   2.392E+01  9.894E-01 
9.129E+01   2.412E+01  9.754E-01 
9.311E+01   2.433E+01  9.615E-01 
9.497E+01   2.453E+01  9.478E-01 
9.687E+01   2.473E+01  9.342E-01 
9.881E+01   2.494E+01  9.208E-01 
1.008E+02   2.514E+01  9.076E-01 
1.028E+02   2.534E+01  8.945E-01 
1.049E+02   2.555E+01  8.817E-01 
1.070E+02   2.575E+01  8.689E-01 
1.091E+02   2.595E+01  8.564E-01 
1.113E+02   2.616E+01  8.439E-01 
1.135E+02   2.636E+01  8.317E-01 
1.158E+02   2.656E+01  8.196E-01 
1.181E+02   2.677E+01  8.077E-01 
1.204E+02   2.697E+01  7.959E-01 
1.229E+02   2.718E+01  7.842E-01 
1.253E+02   2.738E+01  7.727E-01 
1.278E+02   2.759E+01  7.614E-01 
1.304E+02   2.779E+01  7.502E-01 
1.330E+02   2.800E+01  7.392E-01 
1.356E+02   2.821E+01  7.283E-01 
1.384E+02   2.842E+01  7.175E-01 
1.411E+02   2.864E+01  7.069E-01 
1.439E+02   2.885E+01  6.964E-01 
1.468E+02   2.907E+01  6.861E-01 
1.498E+02   2.929E+01  6.759E-01 
1.528E+02   2.951E+01  6.658E-01 
1.558E+02   2.974E+01  6.559E-01 
1.589E+02   2.997E+01  6.461E-01 
1.621E+02   3.020E+01  6.364E-01 
1.654E+02   3.044E+01  6.269E-01 
1.687E+02   3.068E+01  6.175E-01 
1.720E+02   3.093E+01  6.082E-01 
1.755E+02   3.118E+01  5.991E-01 
1.790E+02   3.144E+01  5.901E-01 
1.826E+02   3.170E+01  5.812E-01 
1.862E+02   3.197E+01  5.724E-01 
1.899E+02   3.224E+01  5.637E-01 
1.937E+02   3.252E+01  5.552E-01 
1.976E+02   3.280E+01  5.468E-01 
2.016E+02   3.309E+01  5.385E-01 
2.056E+02   3.339E+01  5.303E-01 
2.097E+02   3.369E+01  5.222E-01 
2.139E+02   3.400E+01  5.142E-01 
2.182E+02   3.431E+01  5.064E-01 
2.225E+02   3.463E+01  4.987E-01 
2.270E+02   3.496E+01  4.910E-01 
2.315E+02   3.529E+01  4.835E-01 
2.362E+02   3.563E+01  4.761E-01 
2.409E+02   3.598E+01  4.688E-01 
2.457E+02   3.633E+01  4.616E-01 
2.506E+02   3.669E+01  4.545E-01 
2.556E+02   3.706E+01  4.475E-01 
2.607E+02   3.743E+01  4.406E-01 
2.660E+02   3.781E+01  4.338E-01 
2.713E+02   3.819E+01  4.270E-01 
2.767E+02   3.858E+01  4.204E-01 
2.822E+02   3.898E+01  4.139E-01 
2.879E+02   3.938E+01  4.075E-01 
2.936E+02   3.979E+01  4.012E-01 
2.995E+02   4.020E+01  3.949E-01 
3.055E+02   4.062E+01  3.888E-01 
3.116E+02   4.105E+01  3.827E-01 
3.178E+02   4.148E+01  3.767E-01 
3.242E+02   4.191E+01  3.709E-01 
3.307E+02   4.235E+01  3.651E-01 
3.373E+02   4.280E+01  3.594E-01 
3.440E+02   4.325E+01  3.537E-01 
3.509E+02   4.371E+01  3.482E-01 
3.579E+02   4.417E+01  3.427E-01 
3.651E+02   4.464E+01  3.373E-01 
3.724E+02   4.511E+01  3.320E-01 
3.799E+02   4.558E+01  3.268E-01 
3.874E+02   4.606E+01  3.216E-01 
3.952E+02   4.654E+01  3.166E-01 
4.031E+02   4.703E+01  3.116E-01 
4.112E+02   4.752E+01  3.067E-01 
4.194E+02   4.801E+01  3.018E-01 
4.278E+02   4.851E+01  2.970E-01 
4.363E+02   4.901E+01  2.923E-01 
4.451E+02   4.951E+01  2.877E-01 
4.540E+02   5.001E+01  2.831E-01 
4.630E+02   5.052E+01  2.786E-01 
4.723E+02   5.103E+01  2.742E-01 
4.817E+02   5.154E+01  2.698E-01 
4.914E+02   5.205E+01  2.655E-01 
5.012E+02   5.256E+01  2.613E-01 
5.112E+02   5.308E+01  2.571E-01 
5.215E+02   5.359E+01  2.530E-01 
5.319E+02   5.411E+01  2.490E-01 
5.425E+02   5.463E+01  2.450E-01 
5.534E+02   5.514E+01  2.411E-01 
5.644E+02   5.566E+01  2.372E-01 
5.757E+02   5.617E+01  2.334E-01 
5.872E+02   5.668E+01  2.296E-01 
5.990E+02   5.719E+01  2.260E-01 
6.110E+02   5.770E+01  2.223E-01 
6.232E+02   5.821E+01  2.187E-01 
6.356E+02   5.871E+01  2.152E-01 
6.484E+02   5.921E+01  2.118E-01 
6.613E+02   5.971E+01  2.083E-01 
6.746E+02   6.020E+01  2.050E-01 
6.880E+02   6.069E+01  2.017E-01 
7.018E+02   6.117E+01  1.984E-01 
7.158E+02   6.165E+01  1.952E-01 
7.302E+02   6.212E+01  1.920E-01 
7.448E+02   6.259E+01  1.889E-01 
7.597E+02   6.305E+01  1.859E-01 
7.749E+02   6.350E+01  1.828E-01 
7.903E+02   6.394E+01  1.799E-01 
8.062E+02   6.438E+01  1.770E-01 
8.223E+02   6.481E+01  1.741E-01 
8.387E+02   6.523E+01  1.712E-01 
8.555E+02   6.564E+01  1.685E-01 
8.726E+02   6.603E+01  1.657E-01 
8.901E+02   6.642E+01  1.630E-01 
9.079E+02   6.680E+01  1.604E-01 
9.260E+02   6.717E+01  1.577E-01 
9.445E+02   6.753E+01  1.552E-01 
9.634E+02   6.787E+01  1.526E-01 
9.827E+02   6.820E+01  1.501E-01 
1.002E+03   6.852E+01  1.477E-01 
1.022E+03   6.883E+01  1.453E-01 
1.043E+03   6.912E+01  1.429E-01 
1.064E+03   6.940E+01  1.405E-01 
1.085E+03   6.966E+01  1.382E-01 
1.107E+03   6.991E+01  1.360E-01 
1.129E+03   7.015E+01  1.337E-01 
1.151E+03   7.037E+01  1.315E-01 
1.174E+03   7.057E+01  1.294E-01 
1.198E+03   7.076E+01  1.272E-01 
1.222E+03   7.093E+01  1.251E-01 
1.246E+03   7.109E+01  1.231E-01 
1.271E+03   7.123E+01  1.210E-01 
1.297E+03   7.135E+01  1.190E-01 
1.323E+03   7.145E+01  1.171E-01 
1.349E+03   7.154E+01  1.151E-01 
1.376E+03   7.162E+01  1.132E-01 
1.404E+03   7.167E+01  1.114E-01 
1.432E+03   7.171E+01  1.095E-01 
1.460E+03   7.173E+01  1.077E-01 
1.489E+03   7.174E+01  1.059E-01 
1.519E+03   7.172E+01  1.042E-01 
1.550E+03   7.170E+01  1.024E-01 
1.581E+03   7.165E+01  1.007E-01 
1.612E+03   7.159E+01  9.907E-02 
1.644E+03   7.150E+01  9.742E-02 
1.677E+03   7.141E+01  9.580E-02 
1.711E+03   7.129E+01  9.421E-02 
1.745E+03   7.116E+01  9.264E-02 
1.780E+03   7.102E+01  9.110E-02 
1.816E+03   7.086E+01  8.958E-02 
1.852E+03   7.068E+01  8.809E-02 
1.889E+03   7.049E+01  8.662E-02 
1.927E+03   7.028E+01  8.517E-02 
1.965E+03   7.005E+01  8.375E-02 
2.005E+03   6.982E+01  8.235E-02 
2.045E+03   6.956E+01  8.097E-02 
2.086E+03   6.930E+01  7.962E-02 
2.127E+03   6.902E+01  7.829E-02 
2.170E+03   6.872E+01  7.698E-02 
2.213E+03   6.842E+01  7.569E-02 
2.258E+03   6.810E+01  7.442E-02 
2.303E+03   6.777E+01  7.317E-02 
2.349E+03   6.742E+01  7.195E-02 
2.396E+03   6.707E+01  7.074E-02 
2.444E+03   6.670E+01  6.955E-02 
2.492E+03   6.632E+01  6.838E-02 
2.542E+03   6.594E+01  6.723E-02 
2.593E+03   6.554E+01  6.610E-02 
2.645E+03   6.513E+01  6.499E-02 
2.698E+03   6.472E+01  6.390E-02 
2.752E+03   6.429E+01  6.282E-02 
2.807E+03   6.386E+01  6.176E-02 
2.863E+03   6.342E+01  6.072E-02 
2.920E+03   6.297E+01  5.970E-02 
2.979E+03   6.252E+01  5.869E-02 
3.038E+03   6.205E+01  5.770E-02 
3.099E+03   6.159E+01  5.673E-02 
3.161E+03   6.111E+01  5.577E-02 
3.224E+03   6.063E+01  5.483E-02 
3.289E+03   6.015E+01  5.390E-02 
3.355E+03   5.966E+01  5.299E-02 
3.422E+03   5.916E+01  5.209E-02 
3.490E+03   5.866E+01  5.121E-02 
3.560E+03   5.816E+01  5.034E-02 
3.631E+03   5.765E+01  4.949E-02 
3.704E+03   5.714E+01  4.865E-02 
3.778E+03   5.663E+01  4.783E-02 
3.853E+03   5.612E+01  4.702E-02 
3.930E+03   5.560E+01  4.622E-02 
4.009E+03   5.508E+01  4.543E-02 
4.089E+03   5.456E+01  4.466E-02 
4.171E+03   5.404E+01  4.390E-02 
4.254E+03   5.351E+01  4.316E-02 
4.339E+03   5.299E+01  4.242E-02 
4.426E+03   5.247E+01  4.170E-02 
4.515E+03   5.194E+01  4.099E-02 
4.605E+03   5.142E+01  4.029E-02 
4.697E+03   5.089E+01  3.961E-02 
4.791E+03   5.037E+01  3.893E-02 
4.887E+03   4.984E+01  3.827E-02 
4.985E+03   4.932E+01  3.762E-02 
5.084E+03   4.880E+01  3.697E-02 
5.186E+03   4.828E+01  3.634E-02 
5.290E+03   4.776E+01  3.572E-02 
5.396E+03   4.724E+01  3.511E-02 
5.503E+03   4.673E+01  3.451E-02 
5.614E+03   4.621E+01  3.392E-02 
5.726E+03   4.570E+01  3.334E-02 
5.840E+03   4.519E+01  3.277E-02 
5.957E+03   4.468E+01  3.221E-02 
6.076E+03   4.418E+01  3.166E-02 
6.198E+03   4.367E+01  3.112E-02 
6.322E+03   4.317E+01  3.059E-02 
6.448E+03   4.268E+01  3.006E-02 
6.577E+03   4.218E+01  2.955E-02 
6.709E+03   4.169E+01  2.904E-02 
6.843E+03   4.120E+01  2.854E-02 
6.980E+03   4.072E+01  2.805E-02 
7.119E+03   4.023E+01  2.757E-02 
7.262E+03   3.976E+01  2.710E-02 
7.407E+03   3.928E+01  2.663E-02 
7.555E+03   3.881E+01  2.617E-02 
7.706E+03   3.834E+01  2.572E-02 
7.860E+03   3.787E+01  2.528E-02 
8.018E+03   3.741E+01  2.485E-02 
8.178E+03   3.696E+01  2.442E-02 
8.341E+03   3.650E+01  2.400E-02 
8.508E+03   3.605E+01  2.358E-02 
8.678E+03   3.561E+01  2.318E-02 
8.852E+03   3.516E+01  2.278E-02 
9.029E+03   3.472E+01  2.239E-02 
9.210E+03   3.429E+01  2.200E-02 
9.394E+03   3.386E+01  2.162E-02 
9.582E+03   3.343E+01  2.125E-02 
9.773E+03   3.301E+01  2.088E-02 
9.969E+03   3.259E+01  2.052E-02 
1.017E+04   3.218E+01  2.017E-02 
1.037E+04   3.176E+01  1.982E-02 
1.058E+04   3.136E+01  1.948E-02 
1.079E+04   3.095E+01  1.914E-02 
1.101E+04   3.056E+01  1.881E-02 
1.123E+04   3.016E+01  1.848E-02 
1.145E+04   2.977E+01  1.816E-02 
1.168E+04   2.938E+01  1.785E-02 
1.191E+04   2.900E+01  1.754E-02 
1.215E+04   2.862E+01  1.724E-02 
1.239E+04   2.825E+01  1.694E-02 
1.264E+04   2.788E+01  1.664E-02 
1.290E+04   2.751E+01  1.635E-02 
1.315E+04   2.715E+01  1.607E-02 
1.342E+04   2.679E+01  1.579E-02 
1.369E+04   2.643E+01  1.552E-02 
1.396E+04   2.608E+01  1.525E-02 
1.424E+04   2.574E+01  1.498E-02 
1.452E+04   2.541E+01  1.472E-02 
1.481E+04   2.506E+01  1.447E-02 
1.511E+04   2.471E+01  1.422E-02 
1.541E+04   2.435E+01  1.397E-02 
1.572E+04   2.399E+01  1.373E-02 
1.603E+04   2.362E+01  1.349E-02 
1.635E+04   2.324E+01  1.325E-02 
1.668E+04   2.285E+01  1.302E-02 
1.702E+04   2.248E+01  1.280E-02 
1.736E+04   2.215E+01  1.257E-02 
1.770E+04   2.182E+01  1.235E-02 
1.806E+04   2.149E+01  1.214E-02 
1.842E+04   2.117E+01  1.193E-02 
1.879E+04   2.086E+01  1.172E-02 
1.916E+04   2.054E+01  1.151E-02 
1.955E+04   2.024E+01  1.131E-02 
1.994E+04   1.993E+01  1.112E-02 
2.034E+04   1.963E+01  1.092E-02 
2.074E+04   1.934E+01  1.073E-02 
2.116E+04   1.905E+01  1.054E-02 
2.158E+04   1.876E+01  1.036E-02 
2.201E+04   1.848E+01  1.018E-02 
2.245E+04   1.820E+01  1.000E-02 
2.290E+04   1.793E+01  9.827E-03 
2.336E+04   1.765E+01  9.655E-03 
2.383E+04   1.739E+01  9.486E-03 
2.430E+04   1.712E+01  9.320E-03 
2.479E+04   1.686E+01  9.157E-03 
2.528E+04   1.661E+01  8.997E-03 
2.579E+04   1.635E+01  8.839E-03 
2.631E+04   1.611E+01  8.684E-03 
2.683E+04   1.586E+01  8.532E-03 
2.737E+04   1.562E+01  8.383E-03 
2.792E+04   1.538E+01  8.236E-03 
2.847E+04   1.514E+01  8.092E-03 
2.904E+04   1.491E+01  7.950E-03 
2.962E+04   1.468E+01  7.810E-03 
3.022E+04   1.446E+01  7.673E-03 
3.082E+04   1.424E+01  7.539E-03 
3.144E+04   1.402E+01  7.406E-03 
3.207E+04   1.380E+01  7.276E-03 
3.271E+04   1.359E+01  7.148E-03 
3.336E+04   1.338E+01  7.023E-03 
3.403E+04   1.317E+01  6.900E-03 
3.471E+04   1.297E+01  6.778E-03 
3.540E+04   1.277E+01  6.659E-03 
3.611E+04   1.257E+01  6.542E-03 
3.683E+04   1.238E+01  6.427E-03 
3.757E+04   1.219E+01  6.314E-03 
3.832E+04   1.200E+01  6.203E-03 
3.909E+04   1.181E+01  6.094E-03 
3.987E+04   1.163E+01  5.987E-03 
4.067E+04   1.145E+01  5.881E-03 
4.148E+04   1.127E+01  5.778E-03 
4.231E+04   1.109E+01  5.676E-03 
4.316E+04   1.092E+01  5.576E-03 
4.402E+04   1.075E+01  5.478E-03 
4.490E+04   1.058E+01  5.381E-03 
4.580E+04   1.041E+01  5.286E-03 
4.671E+04   1.025E+01  5.193E-03 
4.765E+04   1.009E+01  5.101E-03 
4.860E+04   9.932E+00  5.011E-03 
4.957E+04   9.777E+00  4.923E-03 
5.057E+04   9.623E+00  4.836E-03 
5.158E+04   9.472E+00  4.751E-03 
5.261E+04   9.323E+00  4.667E-03 
5.366E+04   9.176E+00  4.584E-03 
5.473E+04   9.031E+00  4.503E-03 
5.583E+04   8.889E+00  4.424E-03 
5.695E+04   8.749E+00  4.346E-03 
5.808E+04   8.611E+00  4.269E-03 
5.925E+04   8.475E+00  4.193E-03 
6.043E+04   8.341E+00  4.119E-03 
6.164E+04   8.209E+00  4.046E-03 
6.287E+04   8.079E+00  3.975E-03 
6.413E+04   7.951E+00  3.904E-03 
6.541E+04   7.825E+00  3.835E-03 
6.672E+04   7.701E+00  3.767E-03 
6.805E+04   7.579E+00  3.701E-03 
6.942E+04   7.458E+00  3.635E-03 
7.080E+04   7.340E+00  3.571E-03 
7.222E+04   7.223E+00  3.507E-03 
7.366E+04   7.108E+00  3.445E-03 
7.514E+04   6.995E+00  3.384E-03 
7.664E+04   6.884E+00  3.324E-03 
7.817E+04   6.774E+00  3.265E-03 
7.974E+04   6.666E+00  3.207E-03 
8.133E+04   6.560E+00  3.150E-03 
8.296E+04   6.456E+00  3.095E-03 
8.462E+04   6.353E+00  3.040E-03 
8.631E+04   6.251E+00  2.986E-03 
8.804E+04   6.152E+00  2.933E-03 
8.980E+04   6.053E+00  2.881E-03 
9.159E+04   5.957E+00  2.829E-03 
9.342E+04   5.861E+00  2.779E-03 
9.529E+04   5.768E+00  2.730E-03 
9.720E+04   5.675E+00  2.681E-03 
9.914E+04   5.585E+00  2.634E-03 
1.011E+05   5.495E+00  2.587E-03 
1.031E+05   5.407E+00  2.541E-03 
1.052E+05   5.321E+00  2.496E-03 
1.073E+05   5.236E+00  2.451E-03 
1.095E+05   5.152E+00  2.408E-03 
1.117E+05   5.069E+00  2.365E-03 
1.139E+05   4.988E+00  2.323E-03 
1.162E+05   4.908E+00  2.281E-03 
1.185E+05   4.829E+00  2.241E-03 
1.209E+05   4.752E+00  2.201E-03 
1.233E+05   4.676E+00  2.162E-03 
1.257E+05   4.601E+00  2.123E-03 
1.283E+05   4.527E+00  2.085E-03 
1.308E+05   4.455E+00  2.048E-03 
1.334E+05   4.383E+00  2.012E-03 
1.361E+05   4.313E+00  1.976E-03 
1.388E+05   4.244E+00  1.941E-03 
1.416E+05   4.176E+00  1.906E-03 
1.444E+05   4.109E+00  1.872E-03 
1.473E+05   4.043E+00  1.839E-03 
1.503E+05   3.978E+00  1.806E-03 
1.533E+05   3.914E+00  1.774E-03 
1.563E+05   3.851E+00  1.742E-03 
1.595E+05   3.790E+00  1.711E-03 
1.627E+05   3.729E+00  1.680E-03 
1.659E+05   3.669E+00  1.650E-03 
1.692E+05   3.610E+00  1.621E-03 
1.726E+05   3.553E+00  1.592E-03 
1.761E+05   3.496E+00  1.563E-03 
1.796E+05   3.440E+00  1.535E-03 
1.832E+05   3.385E+00  1.508E-03 
1.868E+05   3.331E+00  1.481E-03 
1.906E+05   3.277E+00  1.455E-03 
1.944E+05   3.225E+00  1.429E-03 
1.983E+05   3.173E+00  1.403E-03 
